2024-04-25 16:43:10,790 INFO [background-preinit] HV000001: Hibernate Validator 6.2.0.Final
2024-04-25 16:43:10,792 INFO [restartedMain] Starting DoggyMapApplication using Java 17.0.9 on MacBook-Air-Dmitrij-3.local with PID 44151 (/Users/dmitriideren/IdeaProjects/DoggyMap/target/classes started by dmitriideren in /Users/dmitriideren/IdeaProjects/DoggyMap)
2024-04-25 16:43:10,792 INFO [restartedMain] No active profile set, falling back to default profiles: default
2024-04-25 16:43:10,819 INFO [restartedMain] Devtools property defaults active! Set 'spring.devtools.add-properties' to 'false' to disable
2024-04-25 16:43:10,819 INFO [restartedMain] For additional web related logging consider setting the 'logging.level.web' property to 'DEBUG'
2024-04-25 16:43:11,124 INFO [restartedMain] Bootstrapping Spring Data JPA repositories in DEFAULT mode.
2024-04-25 16:43:11,145 INFO [restartedMain] Finished Spring Data repository scanning in 18 ms. Found 4 JPA repository interfaces.
2024-04-25 16:43:11,398 INFO [restartedMain] Bean 'org.springframework.security.access.expression.method.DefaultMethodSecurityExpressionHandler@667404c4' of type [org.springframework.security.access.expression.method.DefaultMethodSecurityExpressionHandler] is not eligible for getting processed by all BeanPostProcessors (for example: not eligible for auto-proxying)
2024-04-25 16:43:11,400 INFO [restartedMain] Bean 'methodSecurityMetadataSource' of type [org.springframework.security.access.method.DelegatingMethodSecurityMetadataSource] is not eligible for getting processed by all BeanPostProcessors (for example: not eligible for auto-proxying)
2024-04-25 16:43:11,528 INFO [restartedMain] Tomcat initialized with port(s): 8888 (http)
2024-04-25 16:43:11,533 INFO [restartedMain] Initializing ProtocolHandler ["http-nio-8888"]
2024-04-25 16:43:11,533 INFO [restartedMain] Starting service [Tomcat]
2024-04-25 16:43:11,533 INFO [restartedMain] Starting Servlet engine: [Apache Tomcat/9.0.52]
2024-04-25 16:43:11,561 INFO [restartedMain] Initializing Spring embedded WebApplicationContext
2024-04-25 16:43:11,562 INFO [restartedMain] Root WebApplicationContext: initialization completed in 743 ms
2024-04-25 16:43:11,711 INFO [restartedMain] HHH000204: Processing PersistenceUnitInfo [name: default]
2024-04-25 16:43:11,738 INFO [restartedMain] HHH000412: Hibernate ORM core version 5.4.32.Final
2024-04-25 16:43:11,809 INFO [restartedMain] HCANN000001: Hibernate Commons Annotations {5.1.2.Final}
2024-04-25 16:43:11,854 INFO [restartedMain] HikariPool-1 - Starting...
2024-04-25 16:43:12,101 INFO [restartedMain] HikariPool-1 - Start completed.
2024-04-25 16:43:12,115 INFO [restartedMain] HHH000400: Using dialect: org.hibernate.dialect.MySQL8Dialect
2024-04-25 16:43:12,476 WARN [restartedMain] GenerationTarget encountered exception accepting command : Error executing DDL "create table news (news_id bigint not null auto_increment, artwork varchar(255), banner_title varchar(255), description varchar(255), link varchar(255), name varchar(255), text varchar(255), primary key (news_id)) engine=InnoDB" via JDBC Statement
org.hibernate.tool.schema.spi.CommandAcceptanceException: Error executing DDL "create table news (news_id bigint not null auto_increment, artwork varchar(255), banner_title varchar(255), description varchar(255), link varchar(255), name varchar(255), text varchar(255), primary key (news_id)) engine=InnoDB" via JDBC Statement
	at org.hibernate.tool.schema.internal.exec.GenerationTargetToDatabase.accept(GenerationTargetToDatabase.java:67)
	at org.hibernate.tool.schema.internal.AbstractSchemaMigrator.applySqlString(AbstractSchemaMigrator.java:562)
	at org.hibernate.tool.schema.internal.AbstractSchemaMigrator.applySqlStrings(AbstractSchemaMigrator.java:507)
	at org.hibernate.tool.schema.internal.AbstractSchemaMigrator.createTable(AbstractSchemaMigrator.java:277)
	at org.hibernate.tool.schema.internal.GroupedSchemaMigratorImpl.performTablesMigration(GroupedSchemaMigratorImpl.java:71)
	at org.hibernate.tool.schema.internal.AbstractSchemaMigrator.performMigration(AbstractSchemaMigrator.java:207)
	at org.hibernate.tool.schema.internal.AbstractSchemaMigrator.doMigration(AbstractSchemaMigrator.java:114)
	at org.hibernate.tool.schema.spi.SchemaManagementToolCoordinator.performDatabaseAction(SchemaManagementToolCoordinator.java:184)
	at org.hibernate.tool.schema.spi.SchemaManagementToolCoordinator.process(SchemaManagementToolCoordinator.java:73)
	at org.hibernate.internal.SessionFactoryImpl.<init>(SessionFactoryImpl.java:318)
	at org.hibernate.boot.internal.SessionFactoryBuilderImpl.build(SessionFactoryBuilderImpl.java:468)
	at org.hibernate.jpa.boot.internal.EntityManagerFactoryBuilderImpl.build(EntityManagerFactoryBuilderImpl.java:1259)
	at org.springframework.orm.jpa.vendor.SpringHibernateJpaPersistenceProvider.createContainerEntityManagerFactory(SpringHibernateJpaPersistenceProvider.java:58)
	at org.springframework.orm.jpa.LocalContainerEntityManagerFactoryBean.createNativeEntityManagerFactory(LocalContainerEntityManagerFactoryBean.java:365)
	at org.springframework.orm.jpa.AbstractEntityManagerFactoryBean.buildNativeEntityManagerFactory(AbstractEntityManagerFactoryBean.java:409)
	at org.springframework.orm.jpa.AbstractEntityManagerFactoryBean.afterPropertiesSet(AbstractEntityManagerFactoryBean.java:396)
	at org.springframework.orm.jpa.LocalContainerEntityManagerFactoryBean.afterPropertiesSet(LocalContainerEntityManagerFactoryBean.java:341)
	at org.springframework.beans.factory.support.AbstractAutowireCapableBeanFactory.invokeInitMethods(AbstractAutowireCapableBeanFactory.java:1845)
	at org.springframework.beans.factory.support.AbstractAutowireCapableBeanFactory.initializeBean(AbstractAutowireCapableBeanFactory.java:1782)
	at org.springframework.beans.factory.support.AbstractAutowireCapableBeanFactory.doCreateBean(AbstractAutowireCapableBeanFactory.java:602)
	at org.springframework.beans.factory.support.AbstractAutowireCapableBeanFactory.createBean(AbstractAutowireCapableBeanFactory.java:524)
	at org.springframework.beans.factory.support.AbstractBeanFactory.lambda$doGetBean$0(AbstractBeanFactory.java:335)
	at org.springframework.beans.factory.support.DefaultSingletonBeanRegistry.getSingleton(DefaultSingletonBeanRegistry.java:234)
	at org.springframework.beans.factory.support.AbstractBeanFactory.doGetBean(AbstractBeanFactory.java:333)
	at org.springframework.beans.factory.support.AbstractBeanFactory.getBean(AbstractBeanFactory.java:208)
	at org.springframework.context.support.AbstractApplicationContext.getBean(AbstractApplicationContext.java:1154)
	at org.springframework.context.support.AbstractApplicationContext.finishBeanFactoryInitialization(AbstractApplicationContext.java:908)
	at org.springframework.context.support.AbstractApplicationContext.refresh(AbstractApplicationContext.java:583)
	at org.springframework.boot.web.servlet.context.ServletWebServerApplicationContext.refresh(ServletWebServerApplicationContext.java:145)
	at org.springframework.boot.SpringApplication.refresh(SpringApplication.java:754)
	at org.springframework.boot.SpringApplication.refreshContext(SpringApplication.java:434)
	at org.springframework.boot.SpringApplication.run(SpringApplication.java:338)
	at org.springframework.boot.SpringApplication.run(SpringApplication.java:1343)
	at org.springframework.boot.SpringApplication.run(SpringApplication.java:1332)
	at com.example.doggymap.DoggyMapApplication.main(DoggyMapApplication.java:14)
	at java.base/jdk.internal.reflect.NativeMethodAccessorImpl.invoke0(Native Method)
	at java.base/jdk.internal.reflect.NativeMethodAccessorImpl.invoke(NativeMethodAccessorImpl.java:77)
	at java.base/jdk.internal.reflect.DelegatingMethodAccessorImpl.invoke(DelegatingMethodAccessorImpl.java:43)
	at java.base/java.lang.reflect.Method.invoke(Method.java:568)
	at org.springframework.boot.devtools.restart.RestartLauncher.run(RestartLauncher.java:49)
Caused by: java.sql.SQLSyntaxErrorException: Table 'news' already exists
	at com.mysql.cj.jdbc.exceptions.SQLError.createSQLException(SQLError.java:121)
	at com.mysql.cj.jdbc.exceptions.SQLExceptionsMapping.translateException(SQLExceptionsMapping.java:122)
	at com.mysql.cj.jdbc.StatementImpl.executeInternal(StatementImpl.java:767)
	at com.mysql.cj.jdbc.StatementImpl.execute(StatementImpl.java:652)
	at com.zaxxer.hikari.pool.ProxyStatement.execute(ProxyStatement.java:94)
	at com.zaxxer.hikari.pool.HikariProxyStatement.execute(HikariProxyStatement.java)
	at org.hibernate.tool.schema.internal.exec.GenerationTargetToDatabase.accept(GenerationTargetToDatabase.java:54)
	... 39 common frames omitted
2024-04-25 16:43:12,477 INFO [restartedMain] HHH000490: Using JtaPlatform implementation: [org.hibernate.engine.transaction.jta.platform.internal.NoJtaPlatform]
2024-04-25 16:43:12,481 INFO [restartedMain] Initialized JPA EntityManagerFactory for persistence unit 'default'
2024-04-25 16:43:12,508 WARN [restartedMain] spring.jpa.open-in-view is enabled by default. Therefore, database queries may be performed during view rendering. Explicitly configure spring.jpa.open-in-view to disable this warning
2024-04-25 16:43:12,868 INFO [restartedMain] Will secure any request with [org.springframework.security.web.context.request.async.WebAsyncManagerIntegrationFilter@37111eb4, org.springframework.security.web.context.SecurityContextPersistenceFilter@77af06c, org.springframework.security.web.header.HeaderWriterFilter@b032540, org.springframework.security.web.authentication.logout.LogoutFilter@72014cf6, org.springframework.security.web.authentication.UsernamePasswordAuthenticationFilter@2e95da22, org.springframework.security.web.savedrequest.RequestCacheAwareFilter@5df55a97, org.springframework.security.web.servletapi.SecurityContextHolderAwareRequestFilter@45e2e5f8, org.springframework.security.web.authentication.AnonymousAuthenticationFilter@47a8e1c6, org.springframework.security.web.session.SessionManagementFilter@6646d8be, org.springframework.security.web.access.ExceptionTranslationFilter@2a590389, org.springframework.security.web.access.intercept.FilterSecurityInterceptor@619cf9da]
2024-04-25 16:43:12,984 INFO [restartedMain] Adding welcome page template: index
2024-04-25 16:43:13,160 INFO [restartedMain] LiveReload server is running on port 35729
2024-04-25 16:43:13,164 INFO [restartedMain] Exposing 2 endpoint(s) beneath base path '/actuator'
2024-04-25 16:43:13,191 INFO [restartedMain] 

Using generated security password: 2bbae48d-6947-46a7-bfd6-99dc45a6e5d4

2024-04-25 16:43:13,197 INFO [restartedMain] Starting ProtocolHandler ["http-nio-8888"]
2024-04-25 16:43:13,203 INFO [restartedMain] Tomcat started on port(s): 8888 (http) with context path ''
2024-04-25 16:43:13,213 INFO [restartedMain] Started DoggyMapApplication in 2.613 seconds (JVM running for 3.088)
2024-04-25 16:43:13,629 INFO [RMI TCP Connection(2)-127.0.0.1] Initializing Spring DispatcherServlet 'dispatcherServlet'
2024-04-25 16:43:13,630 INFO [RMI TCP Connection(2)-127.0.0.1] Initializing Servlet 'dispatcherServlet'
2024-04-25 16:43:13,631 INFO [RMI TCP Connection(2)-127.0.0.1] Completed initialization in 1 ms
2024-04-25 16:43:20,100 INFO [Thread-5] Closing JPA EntityManagerFactory for persistence unit 'default'
2024-04-25 16:43:20,104 INFO [Thread-5] HikariPool-1 - Shutdown initiated...
2024-04-25 16:43:20,115 INFO [Thread-5] HikariPool-1 - Shutdown completed.
2024-04-25 16:43:20,187 INFO [restartedMain] Starting DoggyMapApplication using Java 17.0.9 on MacBook-Air-Dmitrij-3.local with PID 44151 (/Users/dmitriideren/IdeaProjects/DoggyMap/target/classes started by dmitriideren in /Users/dmitriideren/IdeaProjects/DoggyMap)
2024-04-25 16:43:20,187 INFO [restartedMain] No active profile set, falling back to default profiles: default
2024-04-25 16:43:20,287 INFO [restartedMain] Bootstrapping Spring Data JPA repositories in DEFAULT mode.
2024-04-25 16:43:20,292 INFO [restartedMain] Finished Spring Data repository scanning in 4 ms. Found 4 JPA repository interfaces.
2024-04-25 16:43:20,387 INFO [restartedMain] Bean 'org.springframework.security.access.expression.method.DefaultMethodSecurityExpressionHandler@16278bfb' of type [org.springframework.security.access.expression.method.DefaultMethodSecurityExpressionHandler] is not eligible for getting processed by all BeanPostProcessors (for example: not eligible for auto-proxying)
2024-04-25 16:43:20,387 INFO [restartedMain] Bean 'methodSecurityMetadataSource' of type [org.springframework.security.access.method.DelegatingMethodSecurityMetadataSource] is not eligible for getting processed by all BeanPostProcessors (for example: not eligible for auto-proxying)
2024-04-25 16:43:20,424 INFO [restartedMain] Tomcat initialized with port(s): 8888 (http)
2024-04-25 16:43:20,424 INFO [restartedMain] Initializing ProtocolHandler ["http-nio-8888"]
2024-04-25 16:43:20,424 INFO [restartedMain] Starting service [Tomcat]
2024-04-25 16:43:20,424 INFO [restartedMain] Starting Servlet engine: [Apache Tomcat/9.0.52]
2024-04-25 16:43:20,430 INFO [restartedMain] Initializing Spring embedded WebApplicationContext
2024-04-25 16:43:20,430 INFO [restartedMain] Root WebApplicationContext: initialization completed in 242 ms
2024-04-25 16:43:20,481 INFO [restartedMain] HHH000204: Processing PersistenceUnitInfo [name: default]
2024-04-25 16:43:20,483 INFO [restartedMain] HikariPool-2 - Starting...
2024-04-25 16:43:20,507 INFO [restartedMain] HikariPool-2 - Start completed.
2024-04-25 16:43:20,508 INFO [restartedMain] HHH000400: Using dialect: org.hibernate.dialect.MySQL8Dialect
2024-04-25 16:43:20,558 WARN [restartedMain] GenerationTarget encountered exception accepting command : Error executing DDL "create table news (news_id bigint not null auto_increment, artwork varchar(255), banner_title varchar(255), description varchar(255), link varchar(255), name varchar(255), text varchar(255), primary key (news_id)) engine=InnoDB" via JDBC Statement
org.hibernate.tool.schema.spi.CommandAcceptanceException: Error executing DDL "create table news (news_id bigint not null auto_increment, artwork varchar(255), banner_title varchar(255), description varchar(255), link varchar(255), name varchar(255), text varchar(255), primary key (news_id)) engine=InnoDB" via JDBC Statement
	at org.hibernate.tool.schema.internal.exec.GenerationTargetToDatabase.accept(GenerationTargetToDatabase.java:67)
	at org.hibernate.tool.schema.internal.AbstractSchemaMigrator.applySqlString(AbstractSchemaMigrator.java:562)
	at org.hibernate.tool.schema.internal.AbstractSchemaMigrator.applySqlStrings(AbstractSchemaMigrator.java:507)
	at org.hibernate.tool.schema.internal.AbstractSchemaMigrator.createTable(AbstractSchemaMigrator.java:277)
	at org.hibernate.tool.schema.internal.GroupedSchemaMigratorImpl.performTablesMigration(GroupedSchemaMigratorImpl.java:71)
	at org.hibernate.tool.schema.internal.AbstractSchemaMigrator.performMigration(AbstractSchemaMigrator.java:207)
	at org.hibernate.tool.schema.internal.AbstractSchemaMigrator.doMigration(AbstractSchemaMigrator.java:114)
	at org.hibernate.tool.schema.spi.SchemaManagementToolCoordinator.performDatabaseAction(SchemaManagementToolCoordinator.java:184)
	at org.hibernate.tool.schema.spi.SchemaManagementToolCoordinator.process(SchemaManagementToolCoordinator.java:73)
	at org.hibernate.internal.SessionFactoryImpl.<init>(SessionFactoryImpl.java:318)
	at org.hibernate.boot.internal.SessionFactoryBuilderImpl.build(SessionFactoryBuilderImpl.java:468)
	at org.hibernate.jpa.boot.internal.EntityManagerFactoryBuilderImpl.build(EntityManagerFactoryBuilderImpl.java:1259)
	at org.springframework.orm.jpa.vendor.SpringHibernateJpaPersistenceProvider.createContainerEntityManagerFactory(SpringHibernateJpaPersistenceProvider.java:58)
	at org.springframework.orm.jpa.LocalContainerEntityManagerFactoryBean.createNativeEntityManagerFactory(LocalContainerEntityManagerFactoryBean.java:365)
	at org.springframework.orm.jpa.AbstractEntityManagerFactoryBean.buildNativeEntityManagerFactory(AbstractEntityManagerFactoryBean.java:409)
	at org.springframework.orm.jpa.AbstractEntityManagerFactoryBean.afterPropertiesSet(AbstractEntityManagerFactoryBean.java:396)
	at org.springframework.orm.jpa.LocalContainerEntityManagerFactoryBean.afterPropertiesSet(LocalContainerEntityManagerFactoryBean.java:341)
	at org.springframework.beans.factory.support.AbstractAutowireCapableBeanFactory.invokeInitMethods(AbstractAutowireCapableBeanFactory.java:1845)
	at org.springframework.beans.factory.support.AbstractAutowireCapableBeanFactory.initializeBean(AbstractAutowireCapableBeanFactory.java:1782)
	at org.springframework.beans.factory.support.AbstractAutowireCapableBeanFactory.doCreateBean(AbstractAutowireCapableBeanFactory.java:602)
	at org.springframework.beans.factory.support.AbstractAutowireCapableBeanFactory.createBean(AbstractAutowireCapableBeanFactory.java:524)
	at org.springframework.beans.factory.support.AbstractBeanFactory.lambda$doGetBean$0(AbstractBeanFactory.java:335)
	at org.springframework.beans.factory.support.DefaultSingletonBeanRegistry.getSingleton(DefaultSingletonBeanRegistry.java:234)
	at org.springframework.beans.factory.support.AbstractBeanFactory.doGetBean(AbstractBeanFactory.java:333)
	at org.springframework.beans.factory.support.AbstractBeanFactory.getBean(AbstractBeanFactory.java:208)
	at org.springframework.context.support.AbstractApplicationContext.getBean(AbstractApplicationContext.java:1154)
	at org.springframework.context.support.AbstractApplicationContext.finishBeanFactoryInitialization(AbstractApplicationContext.java:908)
	at org.springframework.context.support.AbstractApplicationContext.refresh(AbstractApplicationContext.java:583)
	at org.springframework.boot.web.servlet.context.ServletWebServerApplicationContext.refresh(ServletWebServerApplicationContext.java:145)
	at org.springframework.boot.SpringApplication.refresh(SpringApplication.java:754)
	at org.springframework.boot.SpringApplication.refreshContext(SpringApplication.java:434)
	at org.springframework.boot.SpringApplication.run(SpringApplication.java:338)
	at org.springframework.boot.SpringApplication.run(SpringApplication.java:1343)
	at org.springframework.boot.SpringApplication.run(SpringApplication.java:1332)
	at com.example.doggymap.DoggyMapApplication.main(DoggyMapApplication.java:14)
	at java.base/jdk.internal.reflect.NativeMethodAccessorImpl.invoke0(Native Method)
	at java.base/jdk.internal.reflect.NativeMethodAccessorImpl.invoke(NativeMethodAccessorImpl.java:77)
	at java.base/jdk.internal.reflect.DelegatingMethodAccessorImpl.invoke(DelegatingMethodAccessorImpl.java:43)
	at java.base/java.lang.reflect.Method.invoke(Method.java:568)
	at org.springframework.boot.devtools.restart.RestartLauncher.run(RestartLauncher.java:49)
Caused by: java.sql.SQLSyntaxErrorException: Table 'news' already exists
	at com.mysql.cj.jdbc.exceptions.SQLError.createSQLException(SQLError.java:121)
	at com.mysql.cj.jdbc.exceptions.SQLExceptionsMapping.translateException(SQLExceptionsMapping.java:122)
	at com.mysql.cj.jdbc.StatementImpl.executeInternal(StatementImpl.java:767)
	at com.mysql.cj.jdbc.StatementImpl.execute(StatementImpl.java:652)
	at com.zaxxer.hikari.pool.ProxyStatement.execute(ProxyStatement.java:94)
	at com.zaxxer.hikari.pool.HikariProxyStatement.execute(HikariProxyStatement.java)
	at org.hibernate.tool.schema.internal.exec.GenerationTargetToDatabase.accept(GenerationTargetToDatabase.java:54)
	... 39 common frames omitted
2024-04-25 16:43:20,558 INFO [restartedMain] HHH000490: Using JtaPlatform implementation: [org.hibernate.engine.transaction.jta.platform.internal.NoJtaPlatform]
2024-04-25 16:43:20,558 INFO [restartedMain] Initialized JPA EntityManagerFactory for persistence unit 'default'
2024-04-25 16:43:20,573 WARN [restartedMain] spring.jpa.open-in-view is enabled by default. Therefore, database queries may be performed during view rendering. Explicitly configure spring.jpa.open-in-view to disable this warning
2024-04-25 16:43:20,714 INFO [restartedMain] Will secure any request with [org.springframework.security.web.context.request.async.WebAsyncManagerIntegrationFilter@7b24986e, org.springframework.security.web.context.SecurityContextPersistenceFilter@65977886, org.springframework.security.web.header.HeaderWriterFilter@790cc319, org.springframework.security.web.authentication.logout.LogoutFilter@4baa4928, org.springframework.security.web.authentication.UsernamePasswordAuthenticationFilter@6dd33895, org.springframework.security.web.savedrequest.RequestCacheAwareFilter@1ed4bbfe, org.springframework.security.web.servletapi.SecurityContextHolderAwareRequestFilter@1dfa736, org.springframework.security.web.authentication.AnonymousAuthenticationFilter@13a89c79, org.springframework.security.web.session.SessionManagementFilter@1b2bbc4, org.springframework.security.web.access.ExceptionTranslationFilter@53c50fad, org.springframework.security.web.access.intercept.FilterSecurityInterceptor@5c22d997]
2024-04-25 16:43:20,769 INFO [restartedMain] Adding welcome page template: index
2024-04-25 16:43:20,857 INFO [restartedMain] LiveReload server is running on port 35729
2024-04-25 16:43:20,859 INFO [restartedMain] Exposing 2 endpoint(s) beneath base path '/actuator'
2024-04-25 16:43:20,879 INFO [restartedMain] 

Using generated security password: c3ce1174-c3f9-4a16-a5dc-79c2808a0170

2024-04-25 16:43:20,882 INFO [restartedMain] Starting ProtocolHandler ["http-nio-8888"]
2024-04-25 16:43:20,882 INFO [restartedMain] Tomcat started on port(s): 8888 (http) with context path ''
2024-04-25 16:43:20,887 INFO [restartedMain] Started DoggyMapApplication in 0.717 seconds (JVM running for 10.763)
2024-04-25 16:43:20,888 INFO [restartedMain] Condition evaluation unchanged
2024-04-25 16:43:26,046 INFO [http-nio-8888-exec-1] Initializing Spring DispatcherServlet 'dispatcherServlet'
2024-04-25 16:43:26,046 INFO [http-nio-8888-exec-1] Initializing Servlet 'dispatcherServlet'
2024-04-25 16:43:26,049 INFO [http-nio-8888-exec-1] Completed initialization in 3 ms
2024-04-25 16:46:35,018 INFO [SpringApplicationShutdownHook] Closing JPA EntityManagerFactory for persistence unit 'default'
2024-04-25 16:46:35,021 INFO [SpringApplicationShutdownHook] HikariPool-2 - Shutdown initiated...
2024-04-25 16:46:35,039 INFO [SpringApplicationShutdownHook] HikariPool-2 - Shutdown completed.
2024-04-25 16:46:37,055 INFO [background-preinit] HV000001: Hibernate Validator 6.2.0.Final
2024-04-25 16:46:37,064 INFO [restartedMain] Starting DoggyMapApplication using Java 17.0.9 on MacBook-Air-Dmitrij-3.local with PID 44416 (/Users/dmitriideren/IdeaProjects/DoggyMap/target/classes started by dmitriideren in /Users/dmitriideren/IdeaProjects/DoggyMap)
2024-04-25 16:46:37,064 INFO [restartedMain] No active profile set, falling back to default profiles: default
2024-04-25 16:46:37,104 INFO [restartedMain] Devtools property defaults active! Set 'spring.devtools.add-properties' to 'false' to disable
2024-04-25 16:46:37,104 INFO [restartedMain] For additional web related logging consider setting the 'logging.level.web' property to 'DEBUG'
2024-04-25 16:46:37,557 INFO [restartedMain] Bootstrapping Spring Data JPA repositories in DEFAULT mode.
2024-04-25 16:46:37,583 INFO [restartedMain] Finished Spring Data repository scanning in 21 ms. Found 4 JPA repository interfaces.
2024-04-25 16:46:37,855 INFO [restartedMain] Bean 'org.springframework.security.access.expression.method.DefaultMethodSecurityExpressionHandler@3ec50203' of type [org.springframework.security.access.expression.method.DefaultMethodSecurityExpressionHandler] is not eligible for getting processed by all BeanPostProcessors (for example: not eligible for auto-proxying)
2024-04-25 16:46:37,857 INFO [restartedMain] Bean 'methodSecurityMetadataSource' of type [org.springframework.security.access.method.DelegatingMethodSecurityMetadataSource] is not eligible for getting processed by all BeanPostProcessors (for example: not eligible for auto-proxying)
2024-04-25 16:46:37,990 INFO [restartedMain] Tomcat initialized with port(s): 8888 (http)
2024-04-25 16:46:37,994 INFO [restartedMain] Initializing ProtocolHandler ["http-nio-8888"]
2024-04-25 16:46:37,995 INFO [restartedMain] Starting service [Tomcat]
2024-04-25 16:46:37,995 INFO [restartedMain] Starting Servlet engine: [Apache Tomcat/9.0.52]
2024-04-25 16:46:38,022 INFO [restartedMain] Initializing Spring embedded WebApplicationContext
2024-04-25 16:46:38,022 INFO [restartedMain] Root WebApplicationContext: initialization completed in 916 ms
2024-04-25 16:46:38,168 INFO [restartedMain] HHH000204: Processing PersistenceUnitInfo [name: default]
2024-04-25 16:46:38,197 INFO [restartedMain] HHH000412: Hibernate ORM core version 5.4.32.Final
2024-04-25 16:46:38,257 INFO [restartedMain] HCANN000001: Hibernate Commons Annotations {5.1.2.Final}
2024-04-25 16:46:38,301 INFO [restartedMain] HikariPool-1 - Starting...
2024-04-25 16:46:38,514 INFO [restartedMain] HikariPool-1 - Start completed.
2024-04-25 16:46:38,536 INFO [restartedMain] HHH000400: Using dialect: org.hibernate.dialect.MySQL8Dialect
2024-04-25 16:46:38,876 WARN [restartedMain] GenerationTarget encountered exception accepting command : Error executing DDL "create table news (news_id bigint not null auto_increment, artwork varchar(255), banner_title varchar(255), description varchar(255), link varchar(255), name varchar(255), text varchar(255), primary key (news_id)) engine=InnoDB" via JDBC Statement
org.hibernate.tool.schema.spi.CommandAcceptanceException: Error executing DDL "create table news (news_id bigint not null auto_increment, artwork varchar(255), banner_title varchar(255), description varchar(255), link varchar(255), name varchar(255), text varchar(255), primary key (news_id)) engine=InnoDB" via JDBC Statement
	at org.hibernate.tool.schema.internal.exec.GenerationTargetToDatabase.accept(GenerationTargetToDatabase.java:67)
	at org.hibernate.tool.schema.internal.AbstractSchemaMigrator.applySqlString(AbstractSchemaMigrator.java:562)
	at org.hibernate.tool.schema.internal.AbstractSchemaMigrator.applySqlStrings(AbstractSchemaMigrator.java:507)
	at org.hibernate.tool.schema.internal.AbstractSchemaMigrator.createTable(AbstractSchemaMigrator.java:277)
	at org.hibernate.tool.schema.internal.GroupedSchemaMigratorImpl.performTablesMigration(GroupedSchemaMigratorImpl.java:71)
	at org.hibernate.tool.schema.internal.AbstractSchemaMigrator.performMigration(AbstractSchemaMigrator.java:207)
	at org.hibernate.tool.schema.internal.AbstractSchemaMigrator.doMigration(AbstractSchemaMigrator.java:114)
	at org.hibernate.tool.schema.spi.SchemaManagementToolCoordinator.performDatabaseAction(SchemaManagementToolCoordinator.java:184)
	at org.hibernate.tool.schema.spi.SchemaManagementToolCoordinator.process(SchemaManagementToolCoordinator.java:73)
	at org.hibernate.internal.SessionFactoryImpl.<init>(SessionFactoryImpl.java:318)
	at org.hibernate.boot.internal.SessionFactoryBuilderImpl.build(SessionFactoryBuilderImpl.java:468)
	at org.hibernate.jpa.boot.internal.EntityManagerFactoryBuilderImpl.build(EntityManagerFactoryBuilderImpl.java:1259)
	at org.springframework.orm.jpa.vendor.SpringHibernateJpaPersistenceProvider.createContainerEntityManagerFactory(SpringHibernateJpaPersistenceProvider.java:58)
	at org.springframework.orm.jpa.LocalContainerEntityManagerFactoryBean.createNativeEntityManagerFactory(LocalContainerEntityManagerFactoryBean.java:365)
	at org.springframework.orm.jpa.AbstractEntityManagerFactoryBean.buildNativeEntityManagerFactory(AbstractEntityManagerFactoryBean.java:409)
	at org.springframework.orm.jpa.AbstractEntityManagerFactoryBean.afterPropertiesSet(AbstractEntityManagerFactoryBean.java:396)
	at org.springframework.orm.jpa.LocalContainerEntityManagerFactoryBean.afterPropertiesSet(LocalContainerEntityManagerFactoryBean.java:341)
	at org.springframework.beans.factory.support.AbstractAutowireCapableBeanFactory.invokeInitMethods(AbstractAutowireCapableBeanFactory.java:1845)
	at org.springframework.beans.factory.support.AbstractAutowireCapableBeanFactory.initializeBean(AbstractAutowireCapableBeanFactory.java:1782)
	at org.springframework.beans.factory.support.AbstractAutowireCapableBeanFactory.doCreateBean(AbstractAutowireCapableBeanFactory.java:602)
	at org.springframework.beans.factory.support.AbstractAutowireCapableBeanFactory.createBean(AbstractAutowireCapableBeanFactory.java:524)
	at org.springframework.beans.factory.support.AbstractBeanFactory.lambda$doGetBean$0(AbstractBeanFactory.java:335)
	at org.springframework.beans.factory.support.DefaultSingletonBeanRegistry.getSingleton(DefaultSingletonBeanRegistry.java:234)
	at org.springframework.beans.factory.support.AbstractBeanFactory.doGetBean(AbstractBeanFactory.java:333)
	at org.springframework.beans.factory.support.AbstractBeanFactory.getBean(AbstractBeanFactory.java:208)
	at org.springframework.context.support.AbstractApplicationContext.getBean(AbstractApplicationContext.java:1154)
	at org.springframework.context.support.AbstractApplicationContext.finishBeanFactoryInitialization(AbstractApplicationContext.java:908)
	at org.springframework.context.support.AbstractApplicationContext.refresh(AbstractApplicationContext.java:583)
	at org.springframework.boot.web.servlet.context.ServletWebServerApplicationContext.refresh(ServletWebServerApplicationContext.java:145)
	at org.springframework.boot.SpringApplication.refresh(SpringApplication.java:754)
	at org.springframework.boot.SpringApplication.refreshContext(SpringApplication.java:434)
	at org.springframework.boot.SpringApplication.run(SpringApplication.java:338)
	at org.springframework.boot.SpringApplication.run(SpringApplication.java:1343)
	at org.springframework.boot.SpringApplication.run(SpringApplication.java:1332)
	at com.example.doggymap.DoggyMapApplication.main(DoggyMapApplication.java:14)
	at java.base/jdk.internal.reflect.NativeMethodAccessorImpl.invoke0(Native Method)
	at java.base/jdk.internal.reflect.NativeMethodAccessorImpl.invoke(NativeMethodAccessorImpl.java:77)
	at java.base/jdk.internal.reflect.DelegatingMethodAccessorImpl.invoke(DelegatingMethodAccessorImpl.java:43)
	at java.base/java.lang.reflect.Method.invoke(Method.java:568)
	at org.springframework.boot.devtools.restart.RestartLauncher.run(RestartLauncher.java:49)
Caused by: java.sql.SQLSyntaxErrorException: Table 'news' already exists
	at com.mysql.cj.jdbc.exceptions.SQLError.createSQLException(SQLError.java:121)
	at com.mysql.cj.jdbc.exceptions.SQLExceptionsMapping.translateException(SQLExceptionsMapping.java:122)
	at com.mysql.cj.jdbc.StatementImpl.executeInternal(StatementImpl.java:767)
	at com.mysql.cj.jdbc.StatementImpl.execute(StatementImpl.java:652)
	at com.zaxxer.hikari.pool.ProxyStatement.execute(ProxyStatement.java:94)
	at com.zaxxer.hikari.pool.HikariProxyStatement.execute(HikariProxyStatement.java)
	at org.hibernate.tool.schema.internal.exec.GenerationTargetToDatabase.accept(GenerationTargetToDatabase.java:54)
	... 39 common frames omitted
2024-04-25 16:46:38,877 INFO [restartedMain] HHH000490: Using JtaPlatform implementation: [org.hibernate.engine.transaction.jta.platform.internal.NoJtaPlatform]
2024-04-25 16:46:38,880 INFO [restartedMain] Initialized JPA EntityManagerFactory for persistence unit 'default'
2024-04-25 16:46:38,908 WARN [restartedMain] spring.jpa.open-in-view is enabled by default. Therefore, database queries may be performed during view rendering. Explicitly configure spring.jpa.open-in-view to disable this warning
2024-04-25 16:46:39,241 INFO [restartedMain] Will secure any request with [org.springframework.security.web.context.request.async.WebAsyncManagerIntegrationFilter@515556a9, org.springframework.security.web.context.SecurityContextPersistenceFilter@5069caf, org.springframework.security.web.header.HeaderWriterFilter@545c8f0c, org.springframework.security.web.authentication.logout.LogoutFilter@bcf0288, org.springframework.security.web.authentication.UsernamePasswordAuthenticationFilter@2e81668d, org.springframework.security.web.savedrequest.RequestCacheAwareFilter@3674c8ef, org.springframework.security.web.servletapi.SecurityContextHolderAwareRequestFilter@2117874f, org.springframework.security.web.authentication.AnonymousAuthenticationFilter@2f8be060, org.springframework.security.web.session.SessionManagementFilter@61610521, org.springframework.security.web.access.ExceptionTranslationFilter@5bf8aa74, org.springframework.security.web.access.intercept.FilterSecurityInterceptor@1f7542c1]
2024-04-25 16:46:39,351 INFO [restartedMain] Adding welcome page template: index
2024-04-25 16:46:39,523 INFO [restartedMain] LiveReload server is running on port 35729
2024-04-25 16:46:39,526 INFO [restartedMain] Exposing 2 endpoint(s) beneath base path '/actuator'
2024-04-25 16:46:39,552 INFO [restartedMain] 

Using generated security password: 73b22fe9-02a5-4507-b80b-f1624108abc3

2024-04-25 16:46:39,612 INFO [restartedMain] Starting ProtocolHandler ["http-nio-8888"]
2024-04-25 16:46:39,624 INFO [restartedMain] Tomcat started on port(s): 8888 (http) with context path ''
2024-04-25 16:46:39,637 INFO [restartedMain] Started DoggyMapApplication in 2.85 seconds (JVM running for 3.436)
2024-04-25 16:46:40,006 INFO [RMI TCP Connection(2)-127.0.0.1] Initializing Spring DispatcherServlet 'dispatcherServlet'
2024-04-25 16:46:40,006 INFO [RMI TCP Connection(2)-127.0.0.1] Initializing Servlet 'dispatcherServlet'
2024-04-25 16:46:40,007 INFO [RMI TCP Connection(2)-127.0.0.1] Completed initialization in 1 ms
2024-04-25 16:49:36,125 ERROR [http-nio-8888-exec-7] Виу виу
2024-04-25 16:49:48,761 INFO [SpringApplicationShutdownHook] Closing JPA EntityManagerFactory for persistence unit 'default'
2024-04-25 16:49:48,768 INFO [SpringApplicationShutdownHook] HikariPool-1 - Shutdown initiated...
2024-04-25 16:49:48,776 INFO [SpringApplicationShutdownHook] HikariPool-1 - Shutdown completed.
